<?xml version="1.0" encoding="UTF-8"?>
<testsuite xmlns:xsi="http://www.w3.org/2001/XMLSchema-instance" xsi:noNamespaceSchemaLocation="https://maven.apache.org/surefire/maven-surefire-plugin/xsd/surefire-test-report-3.0.xsd" version="3.0" name="model.StaffDBTest" time="2.119" tests="6" errors="0" skipped="0" failures="0">
  <properties>
[...]
</properties>
  <testcase name="testAdd" classname="model.StaffDBTest" time="1.989"/>
  <testcase name="testGetStaffByEmail" classname="model.StaffDBTest" time="0.011"/>
  <testcase name="testGetByID" classname="model.StaffDBTest" time="0.01"/>
  <testcase name="testDelete" classname="model.StaffDBTest" time="0.016"/>
  <testcase name="testGetall" classname="model.StaffDBTest" time="0.014"/>
  <testcase name="testUpdate" classname="model.StaffDBTest" time="0.016"/>
</testsuite>